<?xml version="1.0" encoding="UTF-8"?>
<!-- Generated by org.testng.reporters.JUnitXMLReporter -->
<testsuite ignored="4" hostname="kowshik" failures="0" tests="1" name="Default test" time="14.822" errors="0" timestamp="2024-12-15T13:23:04 IST">
  <testcase classname="Irctc.automation.HomePage.HomePageTest" name="registerButtonHomePage" time="14.779"/>
  <testcase classname="Irctc.automation.HomePage.HomePageTest" name="navigateToPnrStatus" time="0.0">
    <ignored/>
  </testcase> <!-- navigateToPnrStatus -->
  <testcase classname="Irctc.automation.HomePage.HomePageTest" name="navigateToFlightsPage" time="0.0">
    <ignored/>
  </testcase> <!-- navigateToFlightsPage -->
  <testcase classname="Irctc.automation.HomePage.HomePageTest" name="loginButtonHomePage" time="0.0">
    <ignored/>
  </testcase> <!-- loginButtonHomePage -->
  <testcase classname="Irctc.automation.HomePage.HomePageTest" name="navigateToChartsAndVacancy" time="0.0">
    <ignored/>
  </testcase> <!-- navigateToChartsAndVacancy -->
</testsuite> <!-- Default test -->
