<?xml version="1.0" encoding="UTF-8"?>
<!-- Generated by org.testng.reporters.JUnitXMLReporter -->
<testsuite ignored="3" hostname="kowshik" failures="0" tests="1" name="Default test" time="12.124" errors="0" timestamp="2024-12-14T16:32:25 IST">
  <testcase classname="Irctc.automation.HomePage.HomePageTest" name="loginButtonHomePage" time="12.084"/>
  <testcase classname="Irctc.automation.HomePage.HomePageTest" name="navigateToFlightsPage" time="0.0">
    <ignored/>
  </testcase> <!-- navigateToFlightsPage -->
  <testcase classname="Irctc.automation.HomePage.HomePageTest" name="navigateToChartsAndVacancy" time="0.0">
    <ignored/>
  </testcase> <!-- navigateToChartsAndVacancy -->
  <testcase classname="Irctc.automation.HomePage.HomePageTest" name="navigateToPnrStatus" time="0.0">
    <ignored/>
  </testcase> <!-- navigateToPnrStatus -->
</testsuite> <!-- Default test -->
