<?xml version="1.0" encoding="UTF-8"?>
<testng-results ignored="0" total="1" passed="1" failed="0" skipped="0">
  <reporter-output>
  </reporter-output>
  <suite started-at="2024-12-14T16:32:12 IST" name="Default suite" finished-at="2024-12-14T16:32:25 IST" duration-ms="12124">
    <groups>
    </groups>
    <test started-at="2024-12-14T16:32:12 IST" name="Default test" finished-at="2024-12-14T16:32:25 IST" duration-ms="12124">
      <class name="Irctc.automation.HomePage.HomePageTest">
        <test-method signature="loginButtonHomePage()[pri:0, instance:Irctc.automation.HomePage.HomePageTest@76505305]" started-at="2024-12-14T16:32:12 IST" name="loginButtonHomePage" finished-at="2024-12-14T16:32:25 IST" duration-ms="12084" status="PASS">
          <reporter-output>
          </reporter-output>
        </test-method> <!-- loginButtonHomePage -->
      </class> <!-- Irctc.automation.HomePage.HomePageTest -->
    </test> <!-- Default test -->
  </suite> <!-- Default suite -->
</testng-results>
